<!DOCTYPE html PUBLIC "-//W3C//DTD XHTML 1.1//EN" "http://www.w3.org/TR/xhtml11/DTD/xhtml11.dtd">
<html xmlns="http://www.w3.org/1999/xhtml"><head><title>TestNG Report</title><style type="text/css">table {margin-bottom:10px;border-collapse:collapse;empty-cells:show}th,td {border:1px solid #009;padding:.25em .5em}th {vertical-align:bottom}td {vertical-align:top}table a {font-weight:bold}.stripe td {background-color: #E6EBF9}.num {text-align:right}.passedodd td {background-color: #3F3}.passedeven td {background-color: #0A0}.skippedodd td {background-color: #DDD}.skippedeven td {background-color: #CCC}.failedodd td,.attn {background-color: #F33}.failedeven td,.stripe .attn {background-color: #D00}.stacktrace {white-space:pre;font-family:monospace}.totop {font-size:85%;text-align:center;border-bottom:2px solid #000}</style></head><body><table><tr><th>Test</th><th># Passed</th><th># Skipped</th><th># Failed</th><th>Time (ms)</th><th>Included Groups</th><th>Excluded Groups</th></tr><tr><th colspan="7">Suite</th></tr><tr><td><a href="#t0">BVTuverseSAflow-1-Firefox</a></td><td class="num">0</td><td class="num">0</td><td class="num attn">1</td><td class="num">575,794</td><td></td><td></td></tr><tr class="stripe"><td><a href="#t1">BVTuverseSLflow-1-Firefox</a></td><td class="num">0</td><td class="num">0</td><td class="num attn">1</td><td class="num">114,825</td><td></td><td></td></tr><tr><td><a href="#t2">BVTwirelessSAflow-1-Firefox</a></td><td class="num">0</td><td class="num">0</td><td class="num attn">1</td><td class="num">658,471</td><td></td><td></td></tr><tr class="stripe"><td><a href="#t3">BVTwirelessSLflow-1-Firefox</a></td><td class="num">0</td><td class="num">0</td><td class="num attn">1</td><td class="num">559,258</td><td></td><td></td></tr><tr><td><a href="#t4">BVTwirelineSAflow-1-Firefox</a></td><td class="num">0</td><td class="num">0</td><td class="num attn">1</td><td class="num">113,734</td><td></td><td></td></tr><tr class="stripe"><td><a href="#t5">BVTwirelineSLflow-1-Firefox</a></td><td class="num">0</td><td class="num">0</td><td class="num attn">1</td><td class="num">535,320</td><td></td><td></td></tr><tr><td><a href="#t6">BVTZoneImpersonation-1-Chrome</a></td><td class="num">0</td><td class="num">0</td><td class="num attn">1</td><td class="num">950,008</td><td></td><td></td></tr><tr class="stripe"><td><a href="#t7">BVTZoneSearchMenuValidation-1-Chrome</a></td><td class="num">1</td><td class="num">0</td><td class="num">0</td><td class="num">623,274</td><td></td><td></td></tr><tr><th>Total</th><th class="num">1</th><th class="num">0</th><th class="num attn">7</th><th class="num">4,130,684</th><th colspan="2"></th></tr></table><table id='summary'><thead><tr><th>Class</th><th>Method</th><th>Start</th><th>Time (ms)</th></tr></thead><tbody><tr><th colspan="4">Suite</th></tr></tbody><tbody id="t0"><tr><th colspan="4">BVTuverseSAflow-1-Firefox &#8212; failed</th></tr><tr class="failedeven"><td rowspan="1">com.TestCase.Application.BVT.BVTuverseSAflow</td><td><a href="#m0">test</a></td><td rowspan="1">1500997398657</td><td rowspan="1">518898</td></tr></tbody><tbody id="t1"><tr><th colspan="4">BVTuverseSLflow-1-Firefox &#8212; failed</th></tr><tr class="failedeven"><td rowspan="1">com.TestCase.Application.BVT.BVTuverseSLflow</td><td><a href="#m1">test</a></td><td rowspan="1">1500997965726</td><td rowspan="1">81717</td></tr></tbody><tbody id="t2"><tr><th colspan="4">BVTwirelessSAflow-1-Firefox &#8212; failed</th></tr><tr class="failedeven"><td rowspan="1">com.TestCase.Application.BVT.BVTwirelessSAflow</td><td><a href="#m2">test</a></td><td rowspan="1">1500998079829</td><td rowspan="1">612905</td></tr></tbody><tbody id="t3"><tr><th colspan="4">BVTwirelessSLflow-1-Firefox &#8212; failed</th></tr><tr class="failedeven"><td rowspan="1">com.TestCase.Application.BVT.BVTwirelessSLflow</td><td><a href="#m3">test</a></td><td rowspan="1">1500998739797</td><td rowspan="1">513958</td></tr></tbody><tbody id="t4"><tr><th colspan="4">BVTwirelineSAflow-1-Firefox &#8212; failed</th></tr><tr class="failedeven"><td rowspan="1">com.TestCase.Application.BVT.BVTwirelineSAflow</td><td><a href="#m4">test</a></td><td rowspan="1">1500999296838</td><td rowspan="1">82019</td></tr></tbody><tbody id="t5"><tr><th colspan="4">BVTwirelineSLflow-1-Firefox &#8212; failed</th></tr><tr class="failedeven"><td rowspan="1">com.TestCase.Application.BVT.BVTwirelineSLflow</td><td><a href="#m5">test</a></td><td rowspan="1">1500999412414</td><td rowspan="1">492787</td></tr></tbody><tbody id="t6"><tr><th colspan="4">BVTZoneImpersonation-1-Chrome &#8212; failed</th></tr><tr class="failedeven"><td rowspan="1">com.TestCase.Application.BVT.BVTZoneImpersonation</td><td><a href="#m6">test</a></td><td rowspan="1">1500999919806</td><td rowspan="1">942150</td></tr></tbody><tbody id="t7"><tr><th colspan="4">BVTZoneSearchMenuValidation-1-Chrome &#8212; passed</th></tr><tr class="passedeven"><td rowspan="1">com.TestCase.Application.BVT.BVTZoneSearchMenuValidation</td><td><a href="#m7">test</a></td><td rowspan="1">1501000868042</td><td rowspan="1">615188</td></tr></tbody></table><h2>BVTuverseSAflow-1-Firefox</h2><h3 id="m0">com.TestCase.Application.BVT.BVTuverseSAflow#test</h3><table class="result"><tr class="param"><th>Parameter #1</th></tr><tr class="param stripe"><td>org.testng.TestRunner@10b6cda</td></tr><tr><th>Exception</th></tr><tr><td><div class="stacktrace">java.lang.AssertionError: Validate Overview page is displayed
	at com.SupportingFiles.Report.TestPoint(Report.java:442)
	at com.SupportingFiles.LaunchAndLogout.LoginApplication(LaunchAndLogout.java:1129)
	at com.TestCase.Application.BVT.BVTuverseSAflow.test(BVTuverseSAflow.java:35)
	at java.util.concurrent.FutureTask.run(Unknown Source)
	at java.util.concurrent.ThreadPoolExecutor.runWorker(Unknown Source)
	at java.util.concurrent.ThreadPoolExecutor$Worker.run(Unknown Source)
	at java.lang.Thread.run(Unknown Source)
... Removed 17 stack frames</div></td></tr></table><p class="totop"><a href="#summary">back to summary</a></p><h2>BVTuverseSLflow-1-Firefox</h2><h3 id="m1">com.TestCase.Application.BVT.BVTuverseSLflow#test</h3><table class="result"><tr class="param"><th>Parameter #1</th></tr><tr class="param stripe"><td>org.testng.TestRunner@22b82b28</td></tr><tr><th>Exception</th></tr><tr><td><div class="stacktrace">java.lang.AssertionError: Validate user successfully logged in to MyATT
	at com.SupportingFiles.Report.TestPoint(Report.java:442)
	at com.SupportingFiles.LaunchAndLogout.LoginApplication(LaunchAndLogout.java:1144)
	at com.TestCase.Application.BVT.BVTuverseSLflow.test(BVTuverseSLflow.java:36)
	at java.util.concurrent.FutureTask.run(Unknown Source)
	at java.util.concurrent.ThreadPoolExecutor.runWorker(Unknown Source)
	at java.util.concurrent.ThreadPoolExecutor$Worker.run(Unknown Source)
	at java.lang.Thread.run(Unknown Source)
... Removed 17 stack frames</div></td></tr></table><p class="totop"><a href="#summary">back to summary</a></p><h2>BVTwirelessSAflow-1-Firefox</h2><h3 id="m2">com.TestCase.Application.BVT.BVTwirelessSAflow#test</h3><table class="result"><tr class="param"><th>Parameter #1</th></tr><tr class="param stripe"><td>org.testng.TestRunner@620cb8f1</td></tr><tr><th>Exception</th></tr><tr><td><div class="stacktrace">java.lang.AssertionError: Validate Step 2.Review Payment is current step on Make a Payment Page
	at com.SupportingFiles.Report.TestPoint(Report.java:442)
	at com.AppSpecificLibrary.BuildValidations.MakeAPayment(BuildValidations.java:2340)
	at com.AppSpecificLibrary.BuildValidations.Wireless(BuildValidations.java:2245)
	at com.TestCase.Application.BVT.BVTwirelessSAflow.test(BVTwirelessSAflow.java:37)
	at java.util.concurrent.FutureTask.run(Unknown Source)
	at java.util.concurrent.ThreadPoolExecutor.runWorker(Unknown Source)
	at java.util.concurrent.ThreadPoolExecutor$Worker.run(Unknown Source)
	at java.lang.Thread.run(Unknown Source)
... Removed 17 stack frames</div></td></tr></table><p class="totop"><a href="#summary">back to summary</a></p><h2>BVTwirelessSLflow-1-Firefox</h2><h3 id="m3">com.TestCase.Application.BVT.BVTwirelessSLflow#test</h3><table class="result"><tr class="param"><th>Parameter #1</th></tr><tr class="param stripe"><td>org.testng.TestRunner@58e43b8d</td></tr><tr><th>Exception</th></tr><tr><td><div class="stacktrace">java.lang.AssertionError: Validate Overview page is displayed
	at com.SupportingFiles.Report.TestPoint(Report.java:442)
	at com.SupportingFiles.LaunchAndLogout.LoginApplication(LaunchAndLogout.java:1129)
	at com.TestCase.Application.BVT.BVTwirelessSLflow.test(BVTwirelessSLflow.java:35)
	at java.util.concurrent.FutureTask.run(Unknown Source)
	at java.util.concurrent.ThreadPoolExecutor.runWorker(Unknown Source)
	at java.util.concurrent.ThreadPoolExecutor$Worker.run(Unknown Source)
	at java.lang.Thread.run(Unknown Source)
... Removed 17 stack frames</div></td></tr></table><p class="totop"><a href="#summary">back to summary</a></p><h2>BVTwirelineSAflow-1-Firefox</h2><h3 id="m4">com.TestCase.Application.BVT.BVTwirelineSAflow#test</h3><table class="result"><tr class="param"><th>Parameter #1</th></tr><tr class="param stripe"><td>org.testng.TestRunner@6cda2142</td></tr><tr><th>Exception</th></tr><tr><td><div class="stacktrace">java.lang.AssertionError: Validate user successfully logged in to MyATT
	at com.SupportingFiles.Report.TestPoint(Report.java:442)
	at com.SupportingFiles.LaunchAndLogout.LoginApplication(LaunchAndLogout.java:1144)
	at com.TestCase.Application.BVT.BVTwirelineSAflow.test(BVTwirelineSAflow.java:35)
	at java.util.concurrent.FutureTask.run(Unknown Source)
	at java.util.concurrent.ThreadPoolExecutor.runWorker(Unknown Source)
	at java.util.concurrent.ThreadPoolExecutor$Worker.run(Unknown Source)
	at java.lang.Thread.run(Unknown Source)
... Removed 17 stack frames</div></td></tr></table><p class="totop"><a href="#summary">back to summary</a></p><h2>BVTwirelineSLflow-1-Firefox</h2><h3 id="m5">com.TestCase.Application.BVT.BVTwirelineSLflow#test</h3><table class="result"><tr class="param"><th>Parameter #1</th></tr><tr class="param stripe"><td>org.testng.TestRunner@2ea84d2</td></tr><tr><th>Exception</th></tr><tr><td><div class="stacktrace">java.lang.AssertionError: Validate Overview page is displayed
	at com.SupportingFiles.Report.TestPoint(Report.java:442)
	at com.SupportingFiles.LaunchAndLogout.LoginApplication(LaunchAndLogout.java:1129)
	at com.TestCase.Application.BVT.BVTwirelineSLflow.test(BVTwirelineSLflow.java:35)
	at java.util.concurrent.FutureTask.run(Unknown Source)
	at java.util.concurrent.ThreadPoolExecutor.runWorker(Unknown Source)
	at java.util.concurrent.ThreadPoolExecutor$Worker.run(Unknown Source)
	at java.lang.Thread.run(Unknown Source)
... Removed 17 stack frames</div></td></tr></table><p class="totop"><a href="#summary">back to summary</a></p><h2>BVTZoneImpersonation-1-Chrome</h2><h3 id="m6">com.TestCase.Application.BVT.BVTZoneImpersonation#test</h3><table class="result"><tr class="param"><th>Parameter #1</th></tr><tr class="param stripe"><td>org.testng.TestRunner@553ce7dc</td></tr><tr><th>Exception</th></tr><tr><td><div class="stacktrace">java.lang.AssertionError: true
	at com.SupportingFiles.Report.TestPoint(Report.java:442)
	at com.AppSpecificLibrary.MyATTZoneDashboard.ImpersonateMobileAndWeb(MyATTZoneDashboard.java:2536)
	at com.TestCase.Application.BVT.BVTZoneImpersonation.test(BVTZoneImpersonation.java:43)
	at java.util.concurrent.FutureTask.run(Unknown Source)
	at java.util.concurrent.ThreadPoolExecutor.runWorker(Unknown Source)
	at java.util.concurrent.ThreadPoolExecutor$Worker.run(Unknown Source)
	at java.lang.Thread.run(Unknown Source)
... Removed 17 stack frames</div></td></tr></table><p class="totop"><a href="#summary">back to summary</a></p><h2>BVTZoneSearchMenuValidation-1-Chrome</h2><h3 id="m7">com.TestCase.Application.BVT.BVTZoneSearchMenuValidation#test</h3><table class="result"><tr class="param"><th>Parameter #1</th></tr><tr class="param stripe"><td>org.testng.TestRunner@9e2d2bc</td></tr></table><p class="totop"><a href="#summary">back to summary</a></p></body></html>