<!DOCTYPE html>

<html>
  <head>
  <meta charset='utf-8'>
  <title>TestNG reports</title>

    <link type="text/css" href="testng-reports.css" rel="stylesheet" />
    <script type="text/javascript" src="jquery-1.7.1.min.js"></script>
    <script type="text/javascript" src="testng-reports.js"></script>
    <script type="text/javascript" src="https://www.google.com/jsapi"></script>
    <script type='text/javascript'>
      google.load('visualization', '1', {packages:['table']});
      google.setOnLoadCallback(drawTable);
      var suiteTableInitFunctions = new Array();
      var suiteTableData = new Array();
    </script>
    <!--
      <script type="text/javascript" src="jquery-ui/js/jquery-ui-1.8.16.custom.min.js"></script>
     -->
  </head>

  <body>
    <div class="top-banner-root">
      <span class="top-banner-title-font">Test results</span>
      <br/>
      <span class="top-banner-font-1">1 suite, 7 failed tests</span>
    </div> <!-- top-banner-root -->
    <div class="navigator-root">
      <div class="navigator-suite-header">
        <span>All suites</span>
        <a href="#" class="collapse-all-link" title="Collapse/expand all the suites">
          <img class="collapse-all-icon" src="collapseall.gif">
          </img> <!-- collapse-all-icon -->
        </a> <!-- collapse-all-link -->
      </div> <!-- navigator-suite-header -->
      <div class="suite">
        <div class="rounded-window">
          <div class="suite-header light-rounded-window-top">
            <a href="#" class="navigator-link" panel-name="suite-Suite">
              <span class="suite-name border-failed">Suite</span>
            </a> <!-- navigator-link -->
          </div> <!-- suite-header light-rounded-window-top -->
          <div class="navigator-suite-content">
            <div class="suite-section-title">
              <span>Info</span>
            </div> <!-- suite-section-title -->
            <div class="suite-section-content">
              <ul>
                <li>
                  <a href="#" class="navigator-link " panel-name="test-xml-Suite">
                    <span>C:\OSD_Test_Automation\MyATT_Web_Automation_BVT\testng.xml</span>
                  </a> <!-- navigator-link  -->
                </li>
                <li>
                  <a href="#" class="navigator-link " panel-name="testlist-Suite">
                    <span class="test-stats">8 tests</span>
                  </a> <!-- navigator-link  -->
                </li>
                <li>
                  <a href="#" class="navigator-link " panel-name="group-Suite">
                    <span>0 groups</span>
                  </a> <!-- navigator-link  -->
                </li>
                <li>
                  <a href="#" class="navigator-link " panel-name="times-Suite">
                    <span>Times</span>
                  </a> <!-- navigator-link  -->
                </li>
                <li>
                  <a href="#" class="navigator-link " panel-name="reporter-Suite">
                    <span>Reporter output</span>
                  </a> <!-- navigator-link  -->
                </li>
                <li>
                  <a href="#" class="navigator-link " panel-name="ignored-methods-Suite">
                    <span>Ignored methods</span>
                  </a> <!-- navigator-link  -->
                </li>
                <li>
                  <a href="#" class="navigator-link " panel-name="chronological-Suite">
                    <span>Chronological view</span>
                  </a> <!-- navigator-link  -->
                </li>
              </ul>
            </div> <!-- suite-section-content -->
            <div class="result-section">
              <div class="suite-section-title">
                <span>Results</span>
              </div> <!-- suite-section-title -->
              <div class="suite-section-content">
                <ul>
                  <li>
                    <span class="method-stats">8 methods, 7 failed,   1 passed</span>
                  </li>
                  <li>
                    <span class="method-list-title failed">Failed methods</span>
                    <span class="show-or-hide-methods failed">
                      <a href="#" panel-name="suite-Suite" class="hide-methods failed suite-Suite"> (hide)</a> <!-- hide-methods failed suite-Suite -->
                      <a href="#" panel-name="suite-Suite" class="show-methods failed suite-Suite"> (show)</a> <!-- show-methods failed suite-Suite -->
                    </span>
                    <div class="method-list-content failed suite-Suite">
                      <span>
                        <img width="3%" src="failed.png"/>
                        <a href="#" class="method navigator-link" panel-name="suite-Suite" title="com.TestCase.Application.BVT.BVTuverseSAflow" hash-for-method="test(org.testng.TestRunner@10b6cda)">test(org.testng.TestRunner@10b6cda)</a> <!-- method navigator-link -->
                      </span>
                      <br/>
                      <span>
                        <img width="3%" src="failed.png"/>
                        <a href="#" class="method navigator-link" panel-name="suite-Suite" title="com.TestCase.Application.BVT.BVTuverseSLflow" hash-for-method="test(org.testng.TestRunner@22b82b28)">test(org.testng.TestRunner@22b82b28)</a> <!-- method navigator-link -->
                      </span>
                      <br/>
                      <span>
                        <img width="3%" src="failed.png"/>
                        <a href="#" class="method navigator-link" panel-name="suite-Suite" title="com.TestCase.Application.BVT.BVTwirelessSAflow" hash-for-method="test(org.testng.TestRunner@620cb8f1)">test(org.testng.TestRunner@620cb8f1)</a> <!-- method navigator-link -->
                      </span>
                      <br/>
                      <span>
                        <img width="3%" src="failed.png"/>
                        <a href="#" class="method navigator-link" panel-name="suite-Suite" title="com.TestCase.Application.BVT.BVTwirelessSLflow" hash-for-method="test(org.testng.TestRunner@58e43b8d)">test(org.testng.TestRunner@58e43b8d)</a> <!-- method navigator-link -->
                      </span>
                      <br/>
                      <span>
                        <img width="3%" src="failed.png"/>
                        <a href="#" class="method navigator-link" panel-name="suite-Suite" title="com.TestCase.Application.BVT.BVTwirelineSAflow" hash-for-method="test(org.testng.TestRunner@6cda2142)">test(org.testng.TestRunner@6cda2142)</a> <!-- method navigator-link -->
                      </span>
                      <br/>
                      <span>
                        <img width="3%" src="failed.png"/>
                        <a href="#" class="method navigator-link" panel-name="suite-Suite" title="com.TestCase.Application.BVT.BVTwirelineSLflow" hash-for-method="test(org.testng.TestRunner@2ea84d2)">test(org.testng.TestRunner@2ea84d2)</a> <!-- method navigator-link -->
                      </span>
                      <br/>
                      <span>
                        <img width="3%" src="failed.png"/>
                        <a href="#" class="method navigator-link" panel-name="suite-Suite" title="com.TestCase.Application.BVT.BVTZoneImpersonation" hash-for-method="test(org.testng.TestRunner@553ce7dc)">test(org.testng.TestRunner@553ce7dc)</a> <!-- method navigator-link -->
                      </span>
                      <br/>
                    </div> <!-- method-list-content failed suite-Suite -->
                  </li>
                  <li>
                    <span class="method-list-title passed">Passed methods</span>
                    <span class="show-or-hide-methods passed">
                      <a href="#" panel-name="suite-Suite" class="hide-methods passed suite-Suite"> (hide)</a> <!-- hide-methods passed suite-Suite -->
                      <a href="#" panel-name="suite-Suite" class="show-methods passed suite-Suite"> (show)</a> <!-- show-methods passed suite-Suite -->
                    </span>
                    <div class="method-list-content passed suite-Suite">
                      <span>
                        <img width="3%" src="passed.png"/>
                        <a href="#" class="method navigator-link" panel-name="suite-Suite" title="com.TestCase.Application.BVT.BVTZoneSearchMenuValidation" hash-for-method="test(org.testng.TestRunner@9e2d2bc)">test(org.testng.TestRunner@9e2d2bc)</a> <!-- method navigator-link -->
                      </span>
                      <br/>
                    </div> <!-- method-list-content passed suite-Suite -->
                  </li>
                </ul>
              </div> <!-- suite-section-content -->
            </div> <!-- result-section -->
          </div> <!-- navigator-suite-content -->
        </div> <!-- rounded-window -->
      </div> <!-- suite -->
    </div> <!-- navigator-root -->
    <div class="wrapper">
      <div class="main-panel-root">
        <div panel-name="suite-Suite" class="panel Suite">
          <div class="suite-Suite-class-failed">
            <div class="main-panel-header rounded-window-top">
              <img src="failed.png"/>
              <span class="class-name">com.TestCase.Application.BVT.BVTuverseSLflow</span>
            </div> <!-- main-panel-header rounded-window-top -->
            <div class="main-panel-content rounded-window-bottom">
              <div class="method">
                <div class="method-content">
                  <a name="test(org.testng.TestRunner@22b82b28)">
                  </a> <!-- test(org.testng.TestRunner@22b82b28) -->
                  <span class="method-name">test</span>
                  <span class="parameters">(org.testng.TestRunner@22b82b28)</span>
                  <div class="stack-trace">java.lang.AssertionError: Validate user successfully logged in to MyATT
	at com.SupportingFiles.Report.TestPoint(Report.java:442)
	at com.SupportingFiles.LaunchAndLogout.LoginApplication(LaunchAndLogout.java:1144)
	at com.TestCase.Application.BVT.BVTuverseSLflow.test(BVTuverseSLflow.java:36)
	at java.util.concurrent.FutureTask.run(Unknown Source)
	at java.util.concurrent.ThreadPoolExecutor.runWorker(Unknown Source)
	at java.util.concurrent.ThreadPoolExecutor$Worker.run(Unknown Source)
	at java.lang.Thread.run(Unknown Source)
... Removed 17 stack frames
</div> <!-- stack-trace -->
                </div> <!-- method-content -->
              </div> <!-- method -->
            </div> <!-- main-panel-content rounded-window-bottom -->
          </div> <!-- suite-Suite-class-failed -->
          <div class="suite-Suite-class-failed">
            <div class="main-panel-header rounded-window-top">
              <img src="failed.png"/>
              <span class="class-name">com.TestCase.Application.BVT.BVTwirelessSLflow</span>
            </div> <!-- main-panel-header rounded-window-top -->
            <div class="main-panel-content rounded-window-bottom">
              <div class="method">
                <div class="method-content">
                  <a name="test(org.testng.TestRunner@58e43b8d)">
                  </a> <!-- test(org.testng.TestRunner@58e43b8d) -->
                  <span class="method-name">test</span>
                  <span class="parameters">(org.testng.TestRunner@58e43b8d)</span>
                  <div class="stack-trace">java.lang.AssertionError: Validate Overview page is displayed
	at com.SupportingFiles.Report.TestPoint(Report.java:442)
	at com.SupportingFiles.LaunchAndLogout.LoginApplication(LaunchAndLogout.java:1129)
	at com.TestCase.Application.BVT.BVTwirelessSLflow.test(BVTwirelessSLflow.java:35)
	at java.util.concurrent.FutureTask.run(Unknown Source)
	at java.util.concurrent.ThreadPoolExecutor.runWorker(Unknown Source)
	at java.util.concurrent.ThreadPoolExecutor$Worker.run(Unknown Source)
	at java.lang.Thread.run(Unknown Source)
... Removed 17 stack frames
</div> <!-- stack-trace -->
                </div> <!-- method-content -->
              </div> <!-- method -->
            </div> <!-- main-panel-content rounded-window-bottom -->
          </div> <!-- suite-Suite-class-failed -->
          <div class="suite-Suite-class-failed">
            <div class="main-panel-header rounded-window-top">
              <img src="failed.png"/>
              <span class="class-name">com.TestCase.Application.BVT.BVTwirelineSLflow</span>
            </div> <!-- main-panel-header rounded-window-top -->
            <div class="main-panel-content rounded-window-bottom">
              <div class="method">
                <div class="method-content">
                  <a name="test(org.testng.TestRunner@2ea84d2)">
                  </a> <!-- test(org.testng.TestRunner@2ea84d2) -->
                  <span class="method-name">test</span>
                  <span class="parameters">(org.testng.TestRunner@2ea84d2)</span>
                  <div class="stack-trace">java.lang.AssertionError: Validate Overview page is displayed
	at com.SupportingFiles.Report.TestPoint(Report.java:442)
	at com.SupportingFiles.LaunchAndLogout.LoginApplication(LaunchAndLogout.java:1129)
	at com.TestCase.Application.BVT.BVTwirelineSLflow.test(BVTwirelineSLflow.java:35)
	at java.util.concurrent.FutureTask.run(Unknown Source)
	at java.util.concurrent.ThreadPoolExecutor.runWorker(Unknown Source)
	at java.util.concurrent.ThreadPoolExecutor$Worker.run(Unknown Source)
	at java.lang.Thread.run(Unknown Source)
... Removed 17 stack frames
</div> <!-- stack-trace -->
                </div> <!-- method-content -->
              </div> <!-- method -->
            </div> <!-- main-panel-content rounded-window-bottom -->
          </div> <!-- suite-Suite-class-failed -->
          <div class="suite-Suite-class-failed">
            <div class="main-panel-header rounded-window-top">
              <img src="failed.png"/>
              <span class="class-name">com.TestCase.Application.BVT.BVTwirelessSAflow</span>
            </div> <!-- main-panel-header rounded-window-top -->
            <div class="main-panel-content rounded-window-bottom">
              <div class="method">
                <div class="method-content">
                  <a name="test(org.testng.TestRunner@620cb8f1)">
                  </a> <!-- test(org.testng.TestRunner@620cb8f1) -->
                  <span class="method-name">test</span>
                  <span class="parameters">(org.testng.TestRunner@620cb8f1)</span>
                  <div class="stack-trace">java.lang.AssertionError: Validate Step 2.Review Payment is current step on Make a Payment Page
	at com.SupportingFiles.Report.TestPoint(Report.java:442)
	at com.AppSpecificLibrary.BuildValidations.MakeAPayment(BuildValidations.java:2340)
	at com.AppSpecificLibrary.BuildValidations.Wireless(BuildValidations.java:2245)
	at com.TestCase.Application.BVT.BVTwirelessSAflow.test(BVTwirelessSAflow.java:37)
	at java.util.concurrent.FutureTask.run(Unknown Source)
	at java.util.concurrent.ThreadPoolExecutor.runWorker(Unknown Source)
	at java.util.concurrent.ThreadPoolExecutor$Worker.run(Unknown Source)
	at java.lang.Thread.run(Unknown Source)
... Removed 17 stack frames
</div> <!-- stack-trace -->
                </div> <!-- method-content -->
              </div> <!-- method -->
            </div> <!-- main-panel-content rounded-window-bottom -->
          </div> <!-- suite-Suite-class-failed -->
          <div class="suite-Suite-class-failed">
            <div class="main-panel-header rounded-window-top">
              <img src="failed.png"/>
              <span class="class-name">com.TestCase.Application.BVT.BVTuverseSAflow</span>
            </div> <!-- main-panel-header rounded-window-top -->
            <div class="main-panel-content rounded-window-bottom">
              <div class="method">
                <div class="method-content">
                  <a name="test(org.testng.TestRunner@10b6cda)">
                  </a> <!-- test(org.testng.TestRunner@10b6cda) -->
                  <span class="method-name">test</span>
                  <span class="parameters">(org.testng.TestRunner@10b6cda)</span>
                  <div class="stack-trace">java.lang.AssertionError: Validate Overview page is displayed
	at com.SupportingFiles.Report.TestPoint(Report.java:442)
	at com.SupportingFiles.LaunchAndLogout.LoginApplication(LaunchAndLogout.java:1129)
	at com.TestCase.Application.BVT.BVTuverseSAflow.test(BVTuverseSAflow.java:35)
	at java.util.concurrent.FutureTask.run(Unknown Source)
	at java.util.concurrent.ThreadPoolExecutor.runWorker(Unknown Source)
	at java.util.concurrent.ThreadPoolExecutor$Worker.run(Unknown Source)
	at java.lang.Thread.run(Unknown Source)
... Removed 17 stack frames
</div> <!-- stack-trace -->
                </div> <!-- method-content -->
              </div> <!-- method -->
            </div> <!-- main-panel-content rounded-window-bottom -->
          </div> <!-- suite-Suite-class-failed -->
          <div class="suite-Suite-class-failed">
            <div class="main-panel-header rounded-window-top">
              <img src="failed.png"/>
              <span class="class-name">com.TestCase.Application.BVT.BVTwirelineSAflow</span>
            </div> <!-- main-panel-header rounded-window-top -->
            <div class="main-panel-content rounded-window-bottom">
              <div class="method">
                <div class="method-content">
                  <a name="test(org.testng.TestRunner@6cda2142)">
                  </a> <!-- test(org.testng.TestRunner@6cda2142) -->
                  <span class="method-name">test</span>
                  <span class="parameters">(org.testng.TestRunner@6cda2142)</span>
                  <div class="stack-trace">java.lang.AssertionError: Validate user successfully logged in to MyATT
	at com.SupportingFiles.Report.TestPoint(Report.java:442)
	at com.SupportingFiles.LaunchAndLogout.LoginApplication(LaunchAndLogout.java:1144)
	at com.TestCase.Application.BVT.BVTwirelineSAflow.test(BVTwirelineSAflow.java:35)
	at java.util.concurrent.FutureTask.run(Unknown Source)
	at java.util.concurrent.ThreadPoolExecutor.runWorker(Unknown Source)
	at java.util.concurrent.ThreadPoolExecutor$Worker.run(Unknown Source)
	at java.lang.Thread.run(Unknown Source)
... Removed 17 stack frames
</div> <!-- stack-trace -->
                </div> <!-- method-content -->
              </div> <!-- method -->
            </div> <!-- main-panel-content rounded-window-bottom -->
          </div> <!-- suite-Suite-class-failed -->
          <div class="suite-Suite-class-failed">
            <div class="main-panel-header rounded-window-top">
              <img src="failed.png"/>
              <span class="class-name">com.TestCase.Application.BVT.BVTZoneImpersonation</span>
            </div> <!-- main-panel-header rounded-window-top -->
            <div class="main-panel-content rounded-window-bottom">
              <div class="method">
                <div class="method-content">
                  <a name="test(org.testng.TestRunner@553ce7dc)">
                  </a> <!-- test(org.testng.TestRunner@553ce7dc) -->
                  <span class="method-name">test</span>
                  <span class="parameters">(org.testng.TestRunner@553ce7dc)</span>
                  <div class="stack-trace">java.lang.AssertionError: true
	at com.SupportingFiles.Report.TestPoint(Report.java:442)
	at com.AppSpecificLibrary.MyATTZoneDashboard.ImpersonateMobileAndWeb(MyATTZoneDashboard.java:2536)
	at com.TestCase.Application.BVT.BVTZoneImpersonation.test(BVTZoneImpersonation.java:43)
	at java.util.concurrent.FutureTask.run(Unknown Source)
	at java.util.concurrent.ThreadPoolExecutor.runWorker(Unknown Source)
	at java.util.concurrent.ThreadPoolExecutor$Worker.run(Unknown Source)
	at java.lang.Thread.run(Unknown Source)
... Removed 17 stack frames
</div> <!-- stack-trace -->
                </div> <!-- method-content -->
              </div> <!-- method -->
            </div> <!-- main-panel-content rounded-window-bottom -->
          </div> <!-- suite-Suite-class-failed -->
          <div class="suite-Suite-class-passed">
            <div class="main-panel-header rounded-window-top">
              <img src="passed.png"/>
              <span class="class-name">com.TestCase.Application.BVT.BVTZoneSearchMenuValidation</span>
            </div> <!-- main-panel-header rounded-window-top -->
            <div class="main-panel-content rounded-window-bottom">
              <div class="method">
                <div class="method-content">
                  <a name="test(org.testng.TestRunner@9e2d2bc)">
                  </a> <!-- test(org.testng.TestRunner@9e2d2bc) -->
                  <span class="method-name">test</span>
                  <span class="parameters">(org.testng.TestRunner@9e2d2bc)</span>
                </div> <!-- method-content -->
              </div> <!-- method -->
            </div> <!-- main-panel-content rounded-window-bottom -->
          </div> <!-- suite-Suite-class-passed -->
        </div> <!-- panel Suite -->
        <div panel-name="test-xml-Suite" class="panel">
          <div class="main-panel-header rounded-window-top">
            <span class="header-content">C:\OSD_Test_Automation\MyATT_Web_Automation_BVT\testng.xml</span>
          </div> <!-- main-panel-header rounded-window-top -->
          <div class="main-panel-content rounded-window-bottom">
            <pre>
&lt;?xml version=&quot;1.0&quot; encoding=&quot;UTF-8&quot;?&gt;
&lt;!DOCTYPE suite SYSTEM &quot;http://testng.org/testng-1.0.dtd&quot;&gt;
&lt;suite thread-count=&quot;1&quot; guice-stage=&quot;DEVELOPMENT&quot; name=&quot;Suite&quot; parallel=&quot;tests&quot;&gt;
  &lt;test name=&quot;BVTuverseSAflow-1-Firefox&quot;&gt;
    &lt;parameter name=&quot;tcName&quot; value=&quot;BVTuverseSAflow&quot;/&gt;
    &lt;parameter name=&quot;browser&quot; value=&quot;Firefox&quot;/&gt;
    &lt;parameter name=&quot;iter&quot; value=&quot;1&quot;/&gt;
    &lt;parameter name=&quot;Environment&quot; value=&quot;BuildValidations_Data&quot;/&gt;
    &lt;classes&gt;
      &lt;class name=&quot;com.TestCase.Application.BVT.BVTuverseSAflow&quot;/&gt;
    &lt;/classes&gt;
  &lt;/test&gt; &lt;!-- BVTuverseSAflow-1-Firefox --&gt;
  &lt;test name=&quot;BVTuverseSLflow-1-Firefox&quot;&gt;
    &lt;parameter name=&quot;tcName&quot; value=&quot;BVTuverseSLflow&quot;/&gt;
    &lt;parameter name=&quot;browser&quot; value=&quot;Firefox&quot;/&gt;
    &lt;parameter name=&quot;iter&quot; value=&quot;1&quot;/&gt;
    &lt;parameter name=&quot;Environment&quot; value=&quot;BuildValidations_Data&quot;/&gt;
    &lt;classes&gt;
      &lt;class name=&quot;com.TestCase.Application.BVT.BVTuverseSLflow&quot;/&gt;
    &lt;/classes&gt;
  &lt;/test&gt; &lt;!-- BVTuverseSLflow-1-Firefox --&gt;
  &lt;test name=&quot;BVTwirelessSAflow-1-Firefox&quot;&gt;
    &lt;parameter name=&quot;tcName&quot; value=&quot;BVTwirelessSAflow&quot;/&gt;
    &lt;parameter name=&quot;browser&quot; value=&quot;Firefox&quot;/&gt;
    &lt;parameter name=&quot;iter&quot; value=&quot;1&quot;/&gt;
    &lt;parameter name=&quot;Environment&quot; value=&quot;BuildValidations_Data&quot;/&gt;
    &lt;classes&gt;
      &lt;class name=&quot;com.TestCase.Application.BVT.BVTwirelessSAflow&quot;/&gt;
    &lt;/classes&gt;
  &lt;/test&gt; &lt;!-- BVTwirelessSAflow-1-Firefox --&gt;
  &lt;test name=&quot;BVTwirelessSLflow-1-Firefox&quot;&gt;
    &lt;parameter name=&quot;tcName&quot; value=&quot;BVTwirelessSLflow&quot;/&gt;
    &lt;parameter name=&quot;browser&quot; value=&quot;Firefox&quot;/&gt;
    &lt;parameter name=&quot;iter&quot; value=&quot;1&quot;/&gt;
    &lt;parameter name=&quot;Environment&quot; value=&quot;BuildValidations_Data&quot;/&gt;
    &lt;classes&gt;
      &lt;class name=&quot;com.TestCase.Application.BVT.BVTwirelessSLflow&quot;/&gt;
    &lt;/classes&gt;
  &lt;/test&gt; &lt;!-- BVTwirelessSLflow-1-Firefox --&gt;
  &lt;test name=&quot;BVTwirelineSAflow-1-Firefox&quot;&gt;
    &lt;parameter name=&quot;tcName&quot; value=&quot;BVTwirelineSAflow&quot;/&gt;
    &lt;parameter name=&quot;browser&quot; value=&quot;Firefox&quot;/&gt;
    &lt;parameter name=&quot;iter&quot; value=&quot;1&quot;/&gt;
    &lt;parameter name=&quot;Environment&quot; value=&quot;BuildValidations_Data&quot;/&gt;
    &lt;classes&gt;
      &lt;class name=&quot;com.TestCase.Application.BVT.BVTwirelineSAflow&quot;/&gt;
    &lt;/classes&gt;
  &lt;/test&gt; &lt;!-- BVTwirelineSAflow-1-Firefox --&gt;
  &lt;test name=&quot;BVTwirelineSLflow-1-Firefox&quot;&gt;
    &lt;parameter name=&quot;tcName&quot; value=&quot;BVTwirelineSLflow&quot;/&gt;
    &lt;parameter name=&quot;browser&quot; value=&quot;Firefox&quot;/&gt;
    &lt;parameter name=&quot;iter&quot; value=&quot;1&quot;/&gt;
    &lt;parameter name=&quot;Environment&quot; value=&quot;BuildValidations_Data&quot;/&gt;
    &lt;classes&gt;
      &lt;class name=&quot;com.TestCase.Application.BVT.BVTwirelineSLflow&quot;/&gt;
    &lt;/classes&gt;
  &lt;/test&gt; &lt;!-- BVTwirelineSLflow-1-Firefox --&gt;
  &lt;test name=&quot;BVTZoneImpersonation-1-Chrome&quot;&gt;
    &lt;parameter name=&quot;tcName&quot; value=&quot;BVTZoneImpersonation&quot;/&gt;
    &lt;parameter name=&quot;browser&quot; value=&quot;Chrome&quot;/&gt;
    &lt;parameter name=&quot;iter&quot; value=&quot;1&quot;/&gt;
    &lt;parameter name=&quot;Environment&quot; value=&quot;BuildValidations_Data&quot;/&gt;
    &lt;classes&gt;
      &lt;class name=&quot;com.TestCase.Application.BVT.BVTZoneImpersonation&quot;/&gt;
    &lt;/classes&gt;
  &lt;/test&gt; &lt;!-- BVTZoneImpersonation-1-Chrome --&gt;
  &lt;test name=&quot;BVTZoneSearchMenuValidation-1-Chrome&quot;&gt;
    &lt;parameter name=&quot;tcName&quot; value=&quot;BVTZoneSearchMenuValidation&quot;/&gt;
    &lt;parameter name=&quot;browser&quot; value=&quot;Chrome&quot;/&gt;
    &lt;parameter name=&quot;iter&quot; value=&quot;1&quot;/&gt;
    &lt;parameter name=&quot;Environment&quot; value=&quot;BuildValidations_Data&quot;/&gt;
    &lt;classes&gt;
      &lt;class name=&quot;com.TestCase.Application.BVT.BVTZoneSearchMenuValidation&quot;/&gt;
    &lt;/classes&gt;
  &lt;/test&gt; &lt;!-- BVTZoneSearchMenuValidation-1-Chrome --&gt;
&lt;/suite&gt; &lt;!-- Suite --&gt;
            </pre>
          </div> <!-- main-panel-content rounded-window-bottom -->
        </div> <!-- panel -->
        <div panel-name="testlist-Suite" class="panel">
          <div class="main-panel-header rounded-window-top">
            <span class="header-content">Tests for Suite</span>
          </div> <!-- main-panel-header rounded-window-top -->
          <div class="main-panel-content rounded-window-bottom">
            <ul>
              <li>
                <span class="test-name">BVTuverseSAflow-1-Firefox (1 class)</span>
              </li>
              <li>
                <span class="test-name">BVTuverseSLflow-1-Firefox (1 class)</span>
              </li>
              <li>
                <span class="test-name">BVTwirelessSAflow-1-Firefox (1 class)</span>
              </li>
              <li>
                <span class="test-name">BVTwirelessSLflow-1-Firefox (1 class)</span>
              </li>
              <li>
                <span class="test-name">BVTwirelineSAflow-1-Firefox (1 class)</span>
              </li>
              <li>
                <span class="test-name">BVTwirelineSLflow-1-Firefox (1 class)</span>
              </li>
              <li>
                <span class="test-name">BVTZoneImpersonation-1-Chrome (1 class)</span>
              </li>
              <li>
                <span class="test-name">BVTZoneSearchMenuValidation-1-Chrome (1 class)</span>
              </li>
            </ul>
          </div> <!-- main-panel-content rounded-window-bottom -->
        </div> <!-- panel -->
        <div panel-name="group-Suite" class="panel">
          <div class="main-panel-header rounded-window-top">
            <span class="header-content">Groups for Suite</span>
          </div> <!-- main-panel-header rounded-window-top -->
          <div class="main-panel-content rounded-window-bottom">
          </div> <!-- main-panel-content rounded-window-bottom -->
        </div> <!-- panel -->
        <div panel-name="times-Suite" class="panel">
          <div class="main-panel-header rounded-window-top">
            <span class="header-content">Times for Suite</span>
          </div> <!-- main-panel-header rounded-window-top -->
          <div class="main-panel-content rounded-window-bottom">
            <div class="times-div">
              <script type="text/javascript">
suiteTableInitFunctions.push('tableData_Suite');
function tableData_Suite() {
var data = new google.visualization.DataTable();
data.addColumn('number', 'Number');
data.addColumn('string', 'Method');
data.addColumn('string', 'Class');
data.addColumn('number', 'Time (ms)');
data.addRows(8);
data.setCell(0, 0, 0)
data.setCell(0, 1, 'test')
data.setCell(0, 2, 'com.TestCase.Application.BVT.BVTZoneImpersonation')
data.setCell(0, 3, 942150);
data.setCell(1, 0, 1)
data.setCell(1, 1, 'test')
data.setCell(1, 2, 'com.TestCase.Application.BVT.BVTZoneSearchMenuValidation')
data.setCell(1, 3, 615188);
data.setCell(2, 0, 2)
data.setCell(2, 1, 'test')
data.setCell(2, 2, 'com.TestCase.Application.BVT.BVTwirelessSAflow')
data.setCell(2, 3, 612905);
data.setCell(3, 0, 3)
data.setCell(3, 1, 'test')
data.setCell(3, 2, 'com.TestCase.Application.BVT.BVTuverseSAflow')
data.setCell(3, 3, 518898);
data.setCell(4, 0, 4)
data.setCell(4, 1, 'test')
data.setCell(4, 2, 'com.TestCase.Application.BVT.BVTwirelessSLflow')
data.setCell(4, 3, 513958);
data.setCell(5, 0, 5)
data.setCell(5, 1, 'test')
data.setCell(5, 2, 'com.TestCase.Application.BVT.BVTwirelineSLflow')
data.setCell(5, 3, 492787);
data.setCell(6, 0, 6)
data.setCell(6, 1, 'test')
data.setCell(6, 2, 'com.TestCase.Application.BVT.BVTwirelineSAflow')
data.setCell(6, 3, 82019);
data.setCell(7, 0, 7)
data.setCell(7, 1, 'test')
data.setCell(7, 2, 'com.TestCase.Application.BVT.BVTuverseSLflow')
data.setCell(7, 3, 81717);
window.suiteTableData['Suite']= { tableData: data, tableDiv: 'times-div-Suite'}
return data;
}
              </script>
              <span class="suite-total-time">Total running time: 1 hours</span>
              <div id="times-div-Suite">
              </div> <!-- times-div-Suite -->
            </div> <!-- times-div -->
          </div> <!-- main-panel-content rounded-window-bottom -->
        </div> <!-- panel -->
        <div panel-name="reporter-Suite" class="panel">
          <div class="main-panel-header rounded-window-top">
            <span class="header-content">Reporter output for Suite</span>
          </div> <!-- main-panel-header rounded-window-top -->
          <div class="main-panel-content rounded-window-bottom">
          </div> <!-- main-panel-content rounded-window-bottom -->
        </div> <!-- panel -->
        <div panel-name="ignored-methods-Suite" class="panel">
          <div class="main-panel-header rounded-window-top">
            <span class="header-content">0 ignored methods</span>
          </div> <!-- main-panel-header rounded-window-top -->
          <div class="main-panel-content rounded-window-bottom">
          </div> <!-- main-panel-content rounded-window-bottom -->
        </div> <!-- panel -->
        <div panel-name="chronological-Suite" class="panel">
          <div class="main-panel-header rounded-window-top">
            <span class="header-content">Methods in chronological order</span>
          </div> <!-- main-panel-header rounded-window-top -->
          <div class="main-panel-content rounded-window-bottom">
            <div class="chronological-class">
              <div class="chronological-class-name">com.TestCase.Application.BVT.BVTuverseSAflow</div> <!-- chronological-class-name -->
              <div class="configuration-test before">
                <span class="method-name">beforeTest(BuildValidations_Data, Firefox, 1, BVTuverseSAflow, org.testng.TestRunner@10b6cda)</span>
                <span class="method-start">0 ms</span>
              </div> <!-- configuration-test before -->
              <div class="test-method">
                <img src="failed.png">
                </img>
                <span class="method-name">test(org.testng.TestRunner@10b6cda)</span>
                <span class="method-start">41734 ms</span>
              </div> <!-- test-method -->
              <div class="configuration-test after">
                <span class="method-name">afterTest(org.testng.TestRunner@10b6cda, BVTuverseSAflow)</span>
                <span class="method-start">560640 ms</span>
              </div> <!-- configuration-test after -->
            </div> <!-- chronological-class -->
            <div class="chronological-class">
              <div class="chronological-class-name">com.TestCase.Application.BVT.BVTuverseSLflow</div> <!-- chronological-class-name -->
              <div class="configuration-test before">
                <span class="method-name">beforeTest(BuildValidations_Data, Firefox, 1, BVTuverseSLflow, org.testng.TestRunner@22b82b28)</span>
                <span class="method-start">575864 ms</span>
              </div> <!-- configuration-test before -->
              <div class="test-method">
                <img src="failed.png">
                </img>
                <span class="method-name">test(org.testng.TestRunner@22b82b28)</span>
                <span class="method-start">608803 ms</span>
              </div> <!-- test-method -->
              <div class="configuration-test after">
                <span class="method-name">afterTest(org.testng.TestRunner@22b82b28, BVTuverseSLflow)</span>
                <span class="method-start">690520 ms</span>
              </div> <!-- configuration-test after -->
            </div> <!-- chronological-class -->
            <div class="chronological-class">
              <div class="chronological-class-name">com.TestCase.Application.BVT.BVTwirelessSAflow</div> <!-- chronological-class-name -->
              <div class="configuration-test before">
                <span class="method-name">beforeTest(BuildValidations_Data, Firefox, 1, BVTwirelessSAflow, org.testng.TestRunner@620cb8f1)</span>
                <span class="method-start">690703 ms</span>
              </div> <!-- configuration-test before -->
              <div class="test-method">
                <img src="failed.png">
                </img>
                <span class="method-name">test(org.testng.TestRunner@620cb8f1)</span>
                <span class="method-start">722906 ms</span>
              </div> <!-- test-method -->
              <div class="configuration-test after">
                <span class="method-name">afterTest(org.testng.TestRunner@620cb8f1, BVTwirelessSAflow)</span>
                <span class="method-start">1335811 ms</span>
              </div> <!-- configuration-test after -->
            </div> <!-- chronological-class -->
            <div class="chronological-class">
              <div class="chronological-class-name">com.TestCase.Application.BVT.BVTwirelessSLflow</div> <!-- chronological-class-name -->
              <div class="configuration-test before">
                <span class="method-name">beforeTest(BuildValidations_Data, Firefox, 1, BVTwirelessSLflow, org.testng.TestRunner@58e43b8d)</span>
                <span class="method-start">1349193 ms</span>
              </div> <!-- configuration-test before -->
              <div class="test-method">
                <img src="failed.png">
                </img>
                <span class="method-name">test(org.testng.TestRunner@58e43b8d)</span>
                <span class="method-start">1382874 ms</span>
              </div> <!-- test-method -->
              <div class="configuration-test after">
                <span class="method-name">afterTest(org.testng.TestRunner@58e43b8d, BVTwirelessSLflow)</span>
                <span class="method-start">1896832 ms</span>
              </div> <!-- configuration-test after -->
            </div> <!-- chronological-class -->
            <div class="chronological-class">
              <div class="chronological-class-name">com.TestCase.Application.BVT.BVTwirelineSAflow</div> <!-- chronological-class-name -->
              <div class="configuration-test before">
                <span class="method-name">beforeTest(BuildValidations_Data, Firefox, 1, BVTwirelineSAflow, org.testng.TestRunner@6cda2142)</span>
                <span class="method-start">1908470 ms</span>
              </div> <!-- configuration-test before -->
              <div class="test-method">
                <img src="failed.png">
                </img>
                <span class="method-name">test(org.testng.TestRunner@6cda2142)</span>
                <span class="method-start">1939915 ms</span>
              </div> <!-- test-method -->
              <div class="configuration-test after">
                <span class="method-name">afterTest(org.testng.TestRunner@6cda2142, BVTwirelineSAflow)</span>
                <span class="method-start">2021935 ms</span>
              </div> <!-- configuration-test after -->
            </div> <!-- chronological-class -->
            <div class="chronological-class">
              <div class="chronological-class-name">com.TestCase.Application.BVT.BVTwirelineSLflow</div> <!-- chronological-class-name -->
              <div class="configuration-test before">
                <span class="method-name">beforeTest(BuildValidations_Data, Firefox, 1, BVTwirelineSLflow, org.testng.TestRunner@2ea84d2)</span>
                <span class="method-start">2022221 ms</span>
              </div> <!-- configuration-test before -->
              <div class="test-method">
                <img src="failed.png">
                </img>
                <span class="method-name">test(org.testng.TestRunner@2ea84d2)</span>
                <span class="method-start">2055491 ms</span>
              </div> <!-- test-method -->
              <div class="configuration-test after">
                <span class="method-name">afterTest(org.testng.TestRunner@2ea84d2, BVTwirelineSLflow)</span>
                <span class="method-start">2548278 ms</span>
              </div> <!-- configuration-test after -->
            </div> <!-- chronological-class -->
            <div class="chronological-class">
              <div class="chronological-class-name">com.TestCase.Application.BVT.BVTZoneImpersonation</div> <!-- chronological-class-name -->
              <div class="configuration-test before">
                <span class="method-name">beforeTest(BuildValidations_Data, Chrome, 1, BVTZoneImpersonation, org.testng.TestRunner@553ce7dc)</span>
                <span class="method-start">2557554 ms</span>
              </div> <!-- configuration-test before -->
              <div class="test-method">
                <img src="failed.png">
                </img>
                <span class="method-name">test(org.testng.TestRunner@553ce7dc)</span>
                <span class="method-start">2562883 ms</span>
              </div> <!-- test-method -->
              <div class="configuration-test after">
                <span class="method-name">afterTest(org.testng.TestRunner@553ce7dc, BVTZoneImpersonation)</span>
                <span class="method-start">3505033 ms</span>
              </div> <!-- configuration-test after -->
            </div> <!-- chronological-class -->
            <div class="chronological-class">
              <div class="chronological-class-name">com.TestCase.Application.BVT.BVTZoneSearchMenuValidation</div> <!-- chronological-class-name -->
              <div class="configuration-test before">
                <span class="method-name">beforeTest(BuildValidations_Data, Chrome, 1, BVTZoneSearchMenuValidation, org.testng.TestRunner@9e2d2bc)</span>
                <span class="method-start">3507576 ms</span>
              </div> <!-- configuration-test before -->
              <div class="test-method">
                <span class="method-name">test(org.testng.TestRunner@9e2d2bc)</span>
                <span class="method-start">3511119 ms</span>
              </div> <!-- test-method -->
              <div class="configuration-test after">
                <span class="method-name">afterTest(org.testng.TestRunner@9e2d2bc, BVTZoneSearchMenuValidation)</span>
                <span class="method-start">4126307 ms</span>
              </div> <!-- configuration-test after -->
            </div> <!-- chronological-class -->
            <div class="chronological-class">
              <div class="chronological-class-name">com.TestCase.Application.BVT.BVTuverseSAflow</div> <!-- chronological-class-name -->
              <div class="configuration-suite after">
                <span class="method-name">endSuite</span>
                <span class="method-start">4130863 ms</span>
              </div> <!-- configuration-suite after -->
            </div> <!-- chronological-class -->
            <div class="chronological-class">
              <div class="chronological-class-name">com.TestCase.Application.BVT.BVTuverseSLflow</div> <!-- chronological-class-name -->
              <div class="configuration-suite after">
                <span class="method-name">endSuite</span>
                <span class="method-start">4130910 ms</span>
              </div> <!-- configuration-suite after -->
            </div> <!-- chronological-class -->
            <div class="chronological-class">
              <div class="chronological-class-name">com.TestCase.Application.BVT.BVTwirelessSAflow</div> <!-- chronological-class-name -->
              <div class="configuration-suite after">
                <span class="method-name">endSuite</span>
                <span class="method-start">4130912 ms</span>
              </div> <!-- configuration-suite after -->
            </div> <!-- chronological-class -->
            <div class="chronological-class">
              <div class="chronological-class-name">com.TestCase.Application.BVT.BVTwirelessSLflow</div> <!-- chronological-class-name -->
              <div class="configuration-suite after">
                <span class="method-name">endSuite</span>
                <span class="method-start">4130913 ms</span>
              </div> <!-- configuration-suite after -->
            </div> <!-- chronological-class -->
            <div class="chronological-class">
              <div class="chronological-class-name">com.TestCase.Application.BVT.BVTwirelineSAflow</div> <!-- chronological-class-name -->
              <div class="configuration-suite after">
                <span class="method-name">endSuite</span>
                <span class="method-start">4130914 ms</span>
              </div> <!-- configuration-suite after -->
            </div> <!-- chronological-class -->
            <div class="chronological-class">
              <div class="chronological-class-name">com.TestCase.Application.BVT.BVTwirelineSLflow</div> <!-- chronological-class-name -->
              <div class="configuration-suite after">
                <span class="method-name">endSuite</span>
                <span class="method-start">4130915 ms</span>
              </div> <!-- configuration-suite after -->
            </div> <!-- chronological-class -->
            <div class="chronological-class">
              <div class="chronological-class-name">com.TestCase.Application.BVT.BVTZoneImpersonation</div> <!-- chronological-class-name -->
              <div class="configuration-suite after">
                <span class="method-name">endSuite</span>
                <span class="method-start">4130917 ms</span>
              </div> <!-- configuration-suite after -->
            </div> <!-- chronological-class -->
            <div class="chronological-class">
              <div class="chronological-class-name">com.TestCase.Application.BVT.BVTZoneSearchMenuValidation</div> <!-- chronological-class-name -->
              <div class="configuration-suite after">
                <span class="method-name">endSuite</span>
                <span class="method-start">4130918 ms</span>
              </div> <!-- configuration-suite after -->
          </div> <!-- main-panel-content rounded-window-bottom -->
        </div> <!-- panel -->
      </div> <!-- main-panel-root -->
    </div> <!-- wrapper -->
  </body>
</html>
