<?xml version="1.0" encoding="UTF-8"?>
<testng-results skipped="0" failed="7" ignored="0" total="8" passed="1">
  <reporter-output>
  </reporter-output>
  <suite name="Suite" duration-ms="4130854" started-at="2017-07-25T15:42:36Z" finished-at="2017-07-25T16:51:27Z">
    <groups>
    </groups>
    <test name="BVTuverseSAflow-1-Firefox" duration-ms="575794" started-at="2017-07-25T15:42:36Z" finished-at="2017-07-25T15:52:12Z">
      <class name="com.TestCase.Application.BVT.BVTuverseSAflow">
        <test-method status="PASS" signature="beforeTest(java.lang.String, java.lang.String, java.lang.String, java.lang.String, org.testng.ITestContext)[pri:0, instance:com.TestCase.Application.BVT.BVTuverseSAflow@1fbc7afb]" name="beforeTest" is-config="true" duration-ms="41702" started-at="2017-07-25T10:42:36Z" finished-at="2017-07-25T10:43:18Z">
          <params>
            <param index="0">
              <value>
                <![CDATA[BuildValidations_Data]]>
              </value>
            </param>
            <param index="1">
              <value>
                <![CDATA[Firefox]]>
              </value>
            </param>
            <param index="2">
              <value>
                <![CDATA[1]]>
              </value>
            </param>
            <param index="3">
              <value>
                <![CDATA[BVTuverseSAflow]]>
              </value>
            </param>
            <param index="4">
              <value>
                <![CDATA[org.testng.TestRunner@10b6cda]]>
              </value>
            </param>
          </params>
          <reporter-output>
          </reporter-output>
        </test-method> <!-- beforeTest -->
        <test-method status="FAIL" signature="test(org.testng.ITestContext)[pri:0, instance:com.TestCase.Application.BVT.BVTuverseSAflow@1fbc7afb]" name="test" duration-ms="518898" started-at="2017-07-25T10:43:18Z" finished-at="2017-07-25T10:51:57Z">
          <params>
            <param index="0">
              <value>
                <![CDATA[org.testng.TestRunner@10b6cda]]>
              </value>
            </param>
          </params>
          <exception class="java.lang.AssertionError">
            <message>
              <![CDATA[Validate Overview page is displayed]]>
            </message>
            <full-stacktrace>
              <![CDATA[java.lang.AssertionError: Validate Overview page is displayed
	at org.testng.Assert.fail(Assert.java:93)
	at com.SupportingFiles.Report.TestPoint(Report.java:442)
	at com.SupportingFiles.LaunchAndLogout.LoginApplication(LaunchAndLogout.java:1129)
	at com.TestCase.Application.BVT.BVTuverseSAflow.test(BVTuverseSAflow.java:35)
	at sun.reflect.NativeMethodAccessorImpl.invoke0(Native Method)
	at sun.reflect.NativeMethodAccessorImpl.invoke(Unknown Source)
	at sun.reflect.DelegatingMethodAccessorImpl.invoke(Unknown Source)
	at java.lang.reflect.Method.invoke(Unknown Source)
	at org.testng.internal.MethodInvocationHelper.invokeMethod(MethodInvocationHelper.java:108)
	at org.testng.internal.Invoker.invokeMethod(Invoker.java:661)
	at org.testng.internal.Invoker.invokeTestMethod(Invoker.java:869)
	at org.testng.internal.Invoker.invokeTestMethods(Invoker.java:1193)
	at org.testng.internal.TestMethodWorker.invokeTestMethods(TestMethodWorker.java:126)
	at org.testng.internal.TestMethodWorker.run(TestMethodWorker.java:109)
	at org.testng.TestRunner.privateRun(TestRunner.java:744)
	at org.testng.TestRunner.run(TestRunner.java:602)
	at org.testng.SuiteRunner.runTest(SuiteRunner.java:380)
	at org.testng.SuiteRunner.access$000(SuiteRunner.java:39)
	at org.testng.SuiteRunner$SuiteWorker.run(SuiteRunner.java:414)
	at org.testng.internal.thread.ThreadUtil$1.call(ThreadUtil.java:52)
	at java.util.concurrent.FutureTask.run(Unknown Source)
	at java.util.concurrent.ThreadPoolExecutor.runWorker(Unknown Source)
	at java.util.concurrent.ThreadPoolExecutor$Worker.run(Unknown Source)
	at java.lang.Thread.run(Unknown Source)
]]>
            </full-stacktrace>
          </exception> <!-- java.lang.AssertionError -->
          <reporter-output>
          </reporter-output>
        </test-method> <!-- test -->
        <test-method status="PASS" signature="afterTest(org.testng.ITestContext, java.lang.String)[pri:0, instance:com.TestCase.Application.BVT.BVTuverseSAflow@1fbc7afb]" name="afterTest" is-config="true" duration-ms="15150" started-at="2017-07-25T10:51:57Z" finished-at="2017-07-25T10:52:12Z">
          <params>
            <param index="0">
              <value>
                <![CDATA[org.testng.TestRunner@10b6cda]]>
              </value>
            </param>
            <param index="1">
              <value>
                <![CDATA[BVTuverseSAflow]]>
              </value>
            </param>
          </params>
          <reporter-output>
          </reporter-output>
        </test-method> <!-- afterTest -->
      </class> <!-- com.TestCase.Application.BVT.BVTuverseSAflow -->
    </test> <!-- BVTuverseSAflow-1-Firefox -->
    <test name="BVTuverseSLflow-1-Firefox" duration-ms="114825" started-at="2017-07-25T15:52:12Z" finished-at="2017-07-25T15:54:07Z">
      <class name="com.TestCase.Application.BVT.BVTuverseSLflow">
        <test-method status="PASS" signature="beforeTest(java.lang.String, java.lang.String, java.lang.String, java.lang.String, org.testng.ITestContext)[pri:0, instance:com.TestCase.Application.BVT.BVTuverseSLflow@27f674d]" name="beforeTest" is-config="true" duration-ms="32939" started-at="2017-07-25T10:52:12Z" finished-at="2017-07-25T10:52:45Z">
          <params>
            <param index="0">
              <value>
                <![CDATA[BuildValidations_Data]]>
              </value>
            </param>
            <param index="1">
              <value>
                <![CDATA[Firefox]]>
              </value>
            </param>
            <param index="2">
              <value>
                <![CDATA[1]]>
              </value>
            </param>
            <param index="3">
              <value>
                <![CDATA[BVTuverseSLflow]]>
              </value>
            </param>
            <param index="4">
              <value>
                <![CDATA[org.testng.TestRunner@22b82b28]]>
              </value>
            </param>
          </params>
          <reporter-output>
          </reporter-output>
        </test-method> <!-- beforeTest -->
        <test-method status="FAIL" signature="test(org.testng.ITestContext)[pri:0, instance:com.TestCase.Application.BVT.BVTuverseSLflow@27f674d]" name="test" duration-ms="81717" started-at="2017-07-25T10:52:45Z" finished-at="2017-07-25T10:54:07Z">
          <params>
            <param index="0">
              <value>
                <![CDATA[org.testng.TestRunner@22b82b28]]>
              </value>
            </param>
          </params>
          <exception class="java.lang.AssertionError">
            <message>
              <![CDATA[Validate user successfully logged in to MyATT]]>
            </message>
            <full-stacktrace>
              <![CDATA[java.lang.AssertionError: Validate user successfully logged in to MyATT
	at org.testng.Assert.fail(Assert.java:93)
	at com.SupportingFiles.Report.TestPoint(Report.java:442)
	at com.SupportingFiles.LaunchAndLogout.LoginApplication(LaunchAndLogout.java:1144)
	at com.TestCase.Application.BVT.BVTuverseSLflow.test(BVTuverseSLflow.java:36)
	at sun.reflect.NativeMethodAccessorImpl.invoke0(Native Method)
	at sun.reflect.NativeMethodAccessorImpl.invoke(Unknown Source)
	at sun.reflect.DelegatingMethodAccessorImpl.invoke(Unknown Source)
	at java.lang.reflect.Method.invoke(Unknown Source)
	at org.testng.internal.MethodInvocationHelper.invokeMethod(MethodInvocationHelper.java:108)
	at org.testng.internal.Invoker.invokeMethod(Invoker.java:661)
	at org.testng.internal.Invoker.invokeTestMethod(Invoker.java:869)
	at org.testng.internal.Invoker.invokeTestMethods(Invoker.java:1193)
	at org.testng.internal.TestMethodWorker.invokeTestMethods(TestMethodWorker.java:126)
	at org.testng.internal.TestMethodWorker.run(TestMethodWorker.java:109)
	at org.testng.TestRunner.privateRun(TestRunner.java:744)
	at org.testng.TestRunner.run(TestRunner.java:602)
	at org.testng.SuiteRunner.runTest(SuiteRunner.java:380)
	at org.testng.SuiteRunner.access$000(SuiteRunner.java:39)
	at org.testng.SuiteRunner$SuiteWorker.run(SuiteRunner.java:414)
	at org.testng.internal.thread.ThreadUtil$1.call(ThreadUtil.java:52)
	at java.util.concurrent.FutureTask.run(Unknown Source)
	at java.util.concurrent.ThreadPoolExecutor.runWorker(Unknown Source)
	at java.util.concurrent.ThreadPoolExecutor$Worker.run(Unknown Source)
	at java.lang.Thread.run(Unknown Source)
]]>
            </full-stacktrace>
          </exception> <!-- java.lang.AssertionError -->
          <reporter-output>
          </reporter-output>
        </test-method> <!-- test -->
        <test-method status="PASS" signature="afterTest(org.testng.ITestContext, java.lang.String)[pri:0, instance:com.TestCase.Application.BVT.BVTuverseSLflow@27f674d]" name="afterTest" is-config="true" duration-ms="169" started-at="2017-07-25T10:54:07Z" finished-at="2017-07-25T10:54:07Z">
          <params>
            <param index="0">
              <value>
                <![CDATA[org.testng.TestRunner@22b82b28]]>
              </value>
            </param>
            <param index="1">
              <value>
                <![CDATA[BVTuverseSLflow]]>
              </value>
            </param>
          </params>
          <reporter-output>
          </reporter-output>
        </test-method> <!-- afterTest -->
      </class> <!-- com.TestCase.Application.BVT.BVTuverseSLflow -->
    </test> <!-- BVTuverseSLflow-1-Firefox -->
    <test name="BVTwirelessSAflow-1-Firefox" duration-ms="658471" started-at="2017-07-25T15:54:07Z" finished-at="2017-07-25T16:05:06Z">
      <class name="com.TestCase.Application.BVT.BVTwirelessSAflow">
        <test-method status="PASS" signature="beforeTest(java.lang.String, java.lang.String, java.lang.String, java.lang.String, org.testng.ITestContext)[pri:0, instance:com.TestCase.Application.BVT.BVTwirelessSAflow@43a25848]" name="beforeTest" is-config="true" duration-ms="32203" started-at="2017-07-25T10:54:07Z" finished-at="2017-07-25T10:54:39Z">
          <params>
            <param index="0">
              <value>
                <![CDATA[BuildValidations_Data]]>
              </value>
            </param>
            <param index="1">
              <value>
                <![CDATA[Firefox]]>
              </value>
            </param>
            <param index="2">
              <value>
                <![CDATA[1]]>
              </value>
            </param>
            <param index="3">
              <value>
                <![CDATA[BVTwirelessSAflow]]>
              </value>
            </param>
            <param index="4">
              <value>
                <![CDATA[org.testng.TestRunner@620cb8f1]]>
              </value>
            </param>
          </params>
          <reporter-output>
          </reporter-output>
        </test-method> <!-- beforeTest -->
        <test-method status="FAIL" signature="test(org.testng.ITestContext)[pri:0, instance:com.TestCase.Application.BVT.BVTwirelessSAflow@43a25848]" name="test" duration-ms="612905" started-at="2017-07-25T10:54:39Z" finished-at="2017-07-25T11:04:52Z">
          <params>
            <param index="0">
              <value>
                <![CDATA[org.testng.TestRunner@620cb8f1]]>
              </value>
            </param>
          </params>
          <exception class="java.lang.AssertionError">
            <message>
              <![CDATA[Validate Step 2.Review Payment is current step on Make a Payment Page]]>
            </message>
            <full-stacktrace>
              <![CDATA[java.lang.AssertionError: Validate Step 2.Review Payment is current step on Make a Payment Page
	at org.testng.Assert.fail(Assert.java:93)
	at com.SupportingFiles.Report.TestPoint(Report.java:442)
	at com.AppSpecificLibrary.BuildValidations.MakeAPayment(BuildValidations.java:2340)
	at com.AppSpecificLibrary.BuildValidations.Wireless(BuildValidations.java:2245)
	at com.TestCase.Application.BVT.BVTwirelessSAflow.test(BVTwirelessSAflow.java:37)
	at sun.reflect.NativeMethodAccessorImpl.invoke0(Native Method)
	at sun.reflect.NativeMethodAccessorImpl.invoke(Unknown Source)
	at sun.reflect.DelegatingMethodAccessorImpl.invoke(Unknown Source)
	at java.lang.reflect.Method.invoke(Unknown Source)
	at org.testng.internal.MethodInvocationHelper.invokeMethod(MethodInvocationHelper.java:108)
	at org.testng.internal.Invoker.invokeMethod(Invoker.java:661)
	at org.testng.internal.Invoker.invokeTestMethod(Invoker.java:869)
	at org.testng.internal.Invoker.invokeTestMethods(Invoker.java:1193)
	at org.testng.internal.TestMethodWorker.invokeTestMethods(TestMethodWorker.java:126)
	at org.testng.internal.TestMethodWorker.run(TestMethodWorker.java:109)
	at org.testng.TestRunner.privateRun(TestRunner.java:744)
	at org.testng.TestRunner.run(TestRunner.java:602)
	at org.testng.SuiteRunner.runTest(SuiteRunner.java:380)
	at org.testng.SuiteRunner.access$000(SuiteRunner.java:39)
	at org.testng.SuiteRunner$SuiteWorker.run(SuiteRunner.java:414)
	at org.testng.internal.thread.ThreadUtil$1.call(ThreadUtil.java:52)
	at java.util.concurrent.FutureTask.run(Unknown Source)
	at java.util.concurrent.ThreadPoolExecutor.runWorker(Unknown Source)
	at java.util.concurrent.ThreadPoolExecutor$Worker.run(Unknown Source)
	at java.lang.Thread.run(Unknown Source)
]]>
            </full-stacktrace>
          </exception> <!-- java.lang.AssertionError -->
          <reporter-output>
          </reporter-output>
        </test-method> <!-- test -->
        <test-method status="PASS" signature="afterTest(org.testng.ITestContext, java.lang.String)[pri:0, instance:com.TestCase.Application.BVT.BVTwirelessSAflow@43a25848]" name="afterTest" is-config="true" duration-ms="13362" started-at="2017-07-25T11:04:52Z" finished-at="2017-07-25T11:05:06Z">
          <params>
            <param index="0">
              <value>
                <![CDATA[org.testng.TestRunner@620cb8f1]]>
              </value>
            </param>
            <param index="1">
              <value>
                <![CDATA[BVTwirelessSAflow]]>
              </value>
            </param>
          </params>
          <reporter-output>
          </reporter-output>
        </test-method> <!-- afterTest -->
      </class> <!-- com.TestCase.Application.BVT.BVTwirelessSAflow -->
    </test> <!-- BVTwirelessSAflow-1-Firefox -->
    <test name="BVTwirelessSLflow-1-Firefox" duration-ms="559258" started-at="2017-07-25T16:05:06Z" finished-at="2017-07-25T16:14:25Z">
      <class name="com.TestCase.Application.BVT.BVTwirelessSLflow">
        <test-method status="PASS" signature="beforeTest(java.lang.String, java.lang.String, java.lang.String, java.lang.String, org.testng.ITestContext)[pri:0, instance:com.TestCase.Application.BVT.BVTwirelessSLflow@34ce8af7]" name="beforeTest" is-config="true" duration-ms="33680" started-at="2017-07-25T11:05:06Z" finished-at="2017-07-25T11:05:39Z">
          <params>
            <param index="0">
              <value>
                <![CDATA[BuildValidations_Data]]>
              </value>
            </param>
            <param index="1">
              <value>
                <![CDATA[Firefox]]>
              </value>
            </param>
            <param index="2">
              <value>
                <![CDATA[1]]>
              </value>
            </param>
            <param index="3">
              <value>
                <![CDATA[BVTwirelessSLflow]]>
              </value>
            </param>
            <param index="4">
              <value>
                <![CDATA[org.testng.TestRunner@58e43b8d]]>
              </value>
            </param>
          </params>
          <reporter-output>
          </reporter-output>
        </test-method> <!-- beforeTest -->
        <test-method status="FAIL" signature="test(org.testng.ITestContext)[pri:0, instance:com.TestCase.Application.BVT.BVTwirelessSLflow@34ce8af7]" name="test" duration-ms="513958" started-at="2017-07-25T11:05:39Z" finished-at="2017-07-25T11:14:13Z">
          <params>
            <param index="0">
              <value>
                <![CDATA[org.testng.TestRunner@58e43b8d]]>
              </value>
            </param>
          </params>
          <exception class="java.lang.AssertionError">
            <message>
              <![CDATA[Validate Overview page is displayed]]>
            </message>
            <full-stacktrace>
              <![CDATA[java.lang.AssertionError: Validate Overview page is displayed
	at org.testng.Assert.fail(Assert.java:93)
	at com.SupportingFiles.Report.TestPoint(Report.java:442)
	at com.SupportingFiles.LaunchAndLogout.LoginApplication(LaunchAndLogout.java:1129)
	at com.TestCase.Application.BVT.BVTwirelessSLflow.test(BVTwirelessSLflow.java:35)
	at sun.reflect.NativeMethodAccessorImpl.invoke0(Native Method)
	at sun.reflect.NativeMethodAccessorImpl.invoke(Unknown Source)
	at sun.reflect.DelegatingMethodAccessorImpl.invoke(Unknown Source)
	at java.lang.reflect.Method.invoke(Unknown Source)
	at org.testng.internal.MethodInvocationHelper.invokeMethod(MethodInvocationHelper.java:108)
	at org.testng.internal.Invoker.invokeMethod(Invoker.java:661)
	at org.testng.internal.Invoker.invokeTestMethod(Invoker.java:869)
	at org.testng.internal.Invoker.invokeTestMethods(Invoker.java:1193)
	at org.testng.internal.TestMethodWorker.invokeTestMethods(TestMethodWorker.java:126)
	at org.testng.internal.TestMethodWorker.run(TestMethodWorker.java:109)
	at org.testng.TestRunner.privateRun(TestRunner.java:744)
	at org.testng.TestRunner.run(TestRunner.java:602)
	at org.testng.SuiteRunner.runTest(SuiteRunner.java:380)
	at org.testng.SuiteRunner.access$000(SuiteRunner.java:39)
	at org.testng.SuiteRunner$SuiteWorker.run(SuiteRunner.java:414)
	at org.testng.internal.thread.ThreadUtil$1.call(ThreadUtil.java:52)
	at java.util.concurrent.FutureTask.run(Unknown Source)
	at java.util.concurrent.ThreadPoolExecutor.runWorker(Unknown Source)
	at java.util.concurrent.ThreadPoolExecutor$Worker.run(Unknown Source)
	at java.lang.Thread.run(Unknown Source)
]]>
            </full-stacktrace>
          </exception> <!-- java.lang.AssertionError -->
          <reporter-output>
          </reporter-output>
        </test-method> <!-- test -->
        <test-method status="PASS" signature="afterTest(org.testng.ITestContext, java.lang.String)[pri:0, instance:com.TestCase.Application.BVT.BVTwirelessSLflow@34ce8af7]" name="afterTest" is-config="true" duration-ms="11619" started-at="2017-07-25T11:14:13Z" finished-at="2017-07-25T11:14:25Z">
          <params>
            <param index="0">
              <value>
                <![CDATA[org.testng.TestRunner@58e43b8d]]>
              </value>
            </param>
            <param index="1">
              <value>
                <![CDATA[BVTwirelessSLflow]]>
              </value>
            </param>
          </params>
          <reporter-output>
          </reporter-output>
        </test-method> <!-- afterTest -->
      </class> <!-- com.TestCase.Application.BVT.BVTwirelessSLflow -->
    </test> <!-- BVTwirelessSLflow-1-Firefox -->
    <test name="BVTwirelineSAflow-1-Firefox" duration-ms="113734" started-at="2017-07-25T16:14:25Z" finished-at="2017-07-25T16:16:19Z">
      <class name="com.TestCase.Application.BVT.BVTwirelineSAflow">
        <test-method status="PASS" signature="beforeTest(java.lang.String, java.lang.String, java.lang.String, java.lang.String, org.testng.ITestContext)[pri:0, instance:com.TestCase.Application.BVT.BVTwirelineSAflow@511baa65]" name="beforeTest" is-config="true" duration-ms="31444" started-at="2017-07-25T11:14:25Z" finished-at="2017-07-25T11:14:56Z">
          <params>
            <param index="0">
              <value>
                <![CDATA[BuildValidations_Data]]>
              </value>
            </param>
            <param index="1">
              <value>
                <![CDATA[Firefox]]>
              </value>
            </param>
            <param index="2">
              <value>
                <![CDATA[1]]>
              </value>
            </param>
            <param index="3">
              <value>
                <![CDATA[BVTwirelineSAflow]]>
              </value>
            </param>
            <param index="4">
              <value>
                <![CDATA[org.testng.TestRunner@6cda2142]]>
              </value>
            </param>
          </params>
          <reporter-output>
          </reporter-output>
        </test-method> <!-- beforeTest -->
        <test-method status="FAIL" signature="test(org.testng.ITestContext)[pri:0, instance:com.TestCase.Application.BVT.BVTwirelineSAflow@511baa65]" name="test" duration-ms="82019" started-at="2017-07-25T11:14:56Z" finished-at="2017-07-25T11:16:18Z">
          <params>
            <param index="0">
              <value>
                <![CDATA[org.testng.TestRunner@6cda2142]]>
              </value>
            </param>
          </params>
          <exception class="java.lang.AssertionError">
            <message>
              <![CDATA[Validate user successfully logged in to MyATT]]>
            </message>
            <full-stacktrace>
              <![CDATA[java.lang.AssertionError: Validate user successfully logged in to MyATT
	at org.testng.Assert.fail(Assert.java:93)
	at com.SupportingFiles.Report.TestPoint(Report.java:442)
	at com.SupportingFiles.LaunchAndLogout.LoginApplication(LaunchAndLogout.java:1144)
	at com.TestCase.Application.BVT.BVTwirelineSAflow.test(BVTwirelineSAflow.java:35)
	at sun.reflect.NativeMethodAccessorImpl.invoke0(Native Method)
	at sun.reflect.NativeMethodAccessorImpl.invoke(Unknown Source)
	at sun.reflect.DelegatingMethodAccessorImpl.invoke(Unknown Source)
	at java.lang.reflect.Method.invoke(Unknown Source)
	at org.testng.internal.MethodInvocationHelper.invokeMethod(MethodInvocationHelper.java:108)
	at org.testng.internal.Invoker.invokeMethod(Invoker.java:661)
	at org.testng.internal.Invoker.invokeTestMethod(Invoker.java:869)
	at org.testng.internal.Invoker.invokeTestMethods(Invoker.java:1193)
	at org.testng.internal.TestMethodWorker.invokeTestMethods(TestMethodWorker.java:126)
	at org.testng.internal.TestMethodWorker.run(TestMethodWorker.java:109)
	at org.testng.TestRunner.privateRun(TestRunner.java:744)
	at org.testng.TestRunner.run(TestRunner.java:602)
	at org.testng.SuiteRunner.runTest(SuiteRunner.java:380)
	at org.testng.SuiteRunner.access$000(SuiteRunner.java:39)
	at org.testng.SuiteRunner$SuiteWorker.run(SuiteRunner.java:414)
	at org.testng.internal.thread.ThreadUtil$1.call(ThreadUtil.java:52)
	at java.util.concurrent.FutureTask.run(Unknown Source)
	at java.util.concurrent.ThreadPoolExecutor.runWorker(Unknown Source)
	at java.util.concurrent.ThreadPoolExecutor$Worker.run(Unknown Source)
	at java.lang.Thread.run(Unknown Source)
]]>
            </full-stacktrace>
          </exception> <!-- java.lang.AssertionError -->
          <reporter-output>
          </reporter-output>
        </test-method> <!-- test -->
        <test-method status="PASS" signature="afterTest(org.testng.ITestContext, java.lang.String)[pri:0, instance:com.TestCase.Application.BVT.BVTwirelineSAflow@511baa65]" name="afterTest" is-config="true" duration-ms="268" started-at="2017-07-25T11:16:18Z" finished-at="2017-07-25T11:16:19Z">
          <params>
            <param index="0">
              <value>
                <![CDATA[org.testng.TestRunner@6cda2142]]>
              </value>
            </param>
            <param index="1">
              <value>
                <![CDATA[BVTwirelineSAflow]]>
              </value>
            </param>
          </params>
          <reporter-output>
          </reporter-output>
        </test-method> <!-- afterTest -->
      </class> <!-- com.TestCase.Application.BVT.BVTwirelineSAflow -->
    </test> <!-- BVTwirelineSAflow-1-Firefox -->
    <test name="BVTwirelineSLflow-1-Firefox" duration-ms="535320" started-at="2017-07-25T16:16:19Z" finished-at="2017-07-25T16:25:14Z">
      <class name="com.TestCase.Application.BVT.BVTwirelineSLflow">
        <test-method status="PASS" signature="beforeTest(java.lang.String, java.lang.String, java.lang.String, java.lang.String, org.testng.ITestContext)[pri:0, instance:com.TestCase.Application.BVT.BVTwirelineSLflow@7e0ea639]" name="beforeTest" is-config="true" duration-ms="33269" started-at="2017-07-25T11:16:19Z" finished-at="2017-07-25T11:16:52Z">
          <params>
            <param index="0">
              <value>
                <![CDATA[BuildValidations_Data]]>
              </value>
            </param>
            <param index="1">
              <value>
                <![CDATA[Firefox]]>
              </value>
            </param>
            <param index="2">
              <value>
                <![CDATA[1]]>
              </value>
            </param>
            <param index="3">
              <value>
                <![CDATA[BVTwirelineSLflow]]>
              </value>
            </param>
            <param index="4">
              <value>
                <![CDATA[org.testng.TestRunner@2ea84d2]]>
              </value>
            </param>
          </params>
          <reporter-output>
          </reporter-output>
        </test-method> <!-- beforeTest -->
        <test-method status="FAIL" signature="test(org.testng.ITestContext)[pri:0, instance:com.TestCase.Application.BVT.BVTwirelineSLflow@7e0ea639]" name="test" duration-ms="492787" started-at="2017-07-25T11:16:52Z" finished-at="2017-07-25T11:25:05Z">
          <params>
            <param index="0">
              <value>
                <![CDATA[org.testng.TestRunner@2ea84d2]]>
              </value>
            </param>
          </params>
          <exception class="java.lang.AssertionError">
            <message>
              <![CDATA[Validate Overview page is displayed]]>
            </message>
            <full-stacktrace>
              <![CDATA[java.lang.AssertionError: Validate Overview page is displayed
	at org.testng.Assert.fail(Assert.java:93)
	at com.SupportingFiles.Report.TestPoint(Report.java:442)
	at com.SupportingFiles.LaunchAndLogout.LoginApplication(LaunchAndLogout.java:1129)
	at com.TestCase.Application.BVT.BVTwirelineSLflow.test(BVTwirelineSLflow.java:35)
	at sun.reflect.NativeMethodAccessorImpl.invoke0(Native Method)
	at sun.reflect.NativeMethodAccessorImpl.invoke(Unknown Source)
	at sun.reflect.DelegatingMethodAccessorImpl.invoke(Unknown Source)
	at java.lang.reflect.Method.invoke(Unknown Source)
	at org.testng.internal.MethodInvocationHelper.invokeMethod(MethodInvocationHelper.java:108)
	at org.testng.internal.Invoker.invokeMethod(Invoker.java:661)
	at org.testng.internal.Invoker.invokeTestMethod(Invoker.java:869)
	at org.testng.internal.Invoker.invokeTestMethods(Invoker.java:1193)
	at org.testng.internal.TestMethodWorker.invokeTestMethods(TestMethodWorker.java:126)
	at org.testng.internal.TestMethodWorker.run(TestMethodWorker.java:109)
	at org.testng.TestRunner.privateRun(TestRunner.java:744)
	at org.testng.TestRunner.run(TestRunner.java:602)
	at org.testng.SuiteRunner.runTest(SuiteRunner.java:380)
	at org.testng.SuiteRunner.access$000(SuiteRunner.java:39)
	at org.testng.SuiteRunner$SuiteWorker.run(SuiteRunner.java:414)
	at org.testng.internal.thread.ThreadUtil$1.call(ThreadUtil.java:52)
	at java.util.concurrent.FutureTask.run(Unknown Source)
	at java.util.concurrent.ThreadPoolExecutor.runWorker(Unknown Source)
	at java.util.concurrent.ThreadPoolExecutor$Worker.run(Unknown Source)
	at java.lang.Thread.run(Unknown Source)
]]>
            </full-stacktrace>
          </exception> <!-- java.lang.AssertionError -->
          <reporter-output>
          </reporter-output>
        </test-method> <!-- test -->
        <test-method status="PASS" signature="afterTest(org.testng.ITestContext, java.lang.String)[pri:0, instance:com.TestCase.Application.BVT.BVTwirelineSLflow@7e0ea639]" name="afterTest" is-config="true" duration-ms="9263" started-at="2017-07-25T11:25:05Z" finished-at="2017-07-25T11:25:14Z">
          <params>
            <param index="0">
              <value>
                <![CDATA[org.testng.TestRunner@2ea84d2]]>
              </value>
            </param>
            <param index="1">
              <value>
                <![CDATA[BVTwirelineSLflow]]>
              </value>
            </param>
          </params>
          <reporter-output>
          </reporter-output>
        </test-method> <!-- afterTest -->
      </class> <!-- com.TestCase.Application.BVT.BVTwirelineSLflow -->
    </test> <!-- BVTwirelineSLflow-1-Firefox -->
    <test name="BVTZoneImpersonation-1-Chrome" duration-ms="950008" started-at="2017-07-25T16:25:14Z" finished-at="2017-07-25T16:41:04Z">
      <class name="com.TestCase.Application.BVT.BVTZoneImpersonation">
        <test-method status="PASS" signature="beforeTest(java.lang.String, java.lang.String, java.lang.String, java.lang.String, org.testng.ITestContext)[pri:0, instance:com.TestCase.Application.BVT.BVTZoneImpersonation@2d6e8792]" name="beforeTest" is-config="true" duration-ms="5329" started-at="2017-07-25T11:25:14Z" finished-at="2017-07-25T11:25:19Z">
          <params>
            <param index="0">
              <value>
                <![CDATA[BuildValidations_Data]]>
              </value>
            </param>
            <param index="1">
              <value>
                <![CDATA[Chrome]]>
              </value>
            </param>
            <param index="2">
              <value>
                <![CDATA[1]]>
              </value>
            </param>
            <param index="3">
              <value>
                <![CDATA[BVTZoneImpersonation]]>
              </value>
            </param>
            <param index="4">
              <value>
                <![CDATA[org.testng.TestRunner@553ce7dc]]>
              </value>
            </param>
          </params>
          <reporter-output>
          </reporter-output>
        </test-method> <!-- beforeTest -->
        <test-method status="FAIL" signature="test(org.testng.ITestContext)[pri:0, instance:com.TestCase.Application.BVT.BVTZoneImpersonation@2d6e8792]" name="test" duration-ms="942150" started-at="2017-07-25T11:25:19Z" finished-at="2017-07-25T11:41:01Z">
          <params>
            <param index="0">
              <value>
                <![CDATA[org.testng.TestRunner@553ce7dc]]>
              </value>
            </param>
          </params>
          <exception class="java.lang.AssertionError">
            <message>
              <![CDATA[true]]>
            </message>
            <full-stacktrace>
              <![CDATA[java.lang.AssertionError: true
	at org.testng.Assert.fail(Assert.java:93)
	at com.SupportingFiles.Report.TestPoint(Report.java:442)
	at com.AppSpecificLibrary.MyATTZoneDashboard.ImpersonateMobileAndWeb(MyATTZoneDashboard.java:2536)
	at com.TestCase.Application.BVT.BVTZoneImpersonation.test(BVTZoneImpersonation.java:43)
	at sun.reflect.NativeMethodAccessorImpl.invoke0(Native Method)
	at sun.reflect.NativeMethodAccessorImpl.invoke(Unknown Source)
	at sun.reflect.DelegatingMethodAccessorImpl.invoke(Unknown Source)
	at java.lang.reflect.Method.invoke(Unknown Source)
	at org.testng.internal.MethodInvocationHelper.invokeMethod(MethodInvocationHelper.java:108)
	at org.testng.internal.Invoker.invokeMethod(Invoker.java:661)
	at org.testng.internal.Invoker.invokeTestMethod(Invoker.java:869)
	at org.testng.internal.Invoker.invokeTestMethods(Invoker.java:1193)
	at org.testng.internal.TestMethodWorker.invokeTestMethods(TestMethodWorker.java:126)
	at org.testng.internal.TestMethodWorker.run(TestMethodWorker.java:109)
	at org.testng.TestRunner.privateRun(TestRunner.java:744)
	at org.testng.TestRunner.run(TestRunner.java:602)
	at org.testng.SuiteRunner.runTest(SuiteRunner.java:380)
	at org.testng.SuiteRunner.access$000(SuiteRunner.java:39)
	at org.testng.SuiteRunner$SuiteWorker.run(SuiteRunner.java:414)
	at org.testng.internal.thread.ThreadUtil$1.call(ThreadUtil.java:52)
	at java.util.concurrent.FutureTask.run(Unknown Source)
	at java.util.concurrent.ThreadPoolExecutor.runWorker(Unknown Source)
	at java.util.concurrent.ThreadPoolExecutor$Worker.run(Unknown Source)
	at java.lang.Thread.run(Unknown Source)
]]>
            </full-stacktrace>
          </exception> <!-- java.lang.AssertionError -->
          <reporter-output>
          </reporter-output>
        </test-method> <!-- test -->
        <test-method status="PASS" signature="afterTest(org.testng.ITestContext, java.lang.String)[pri:0, instance:com.TestCase.Application.BVT.BVTZoneImpersonation@2d6e8792]" name="afterTest" is-config="true" duration-ms="2529" started-at="2017-07-25T11:41:01Z" finished-at="2017-07-25T11:41:04Z">
          <params>
            <param index="0">
              <value>
                <![CDATA[org.testng.TestRunner@553ce7dc]]>
              </value>
            </param>
            <param index="1">
              <value>
                <![CDATA[BVTZoneImpersonation]]>
              </value>
            </param>
          </params>
          <reporter-output>
          </reporter-output>
        </test-method> <!-- afterTest -->
      </class> <!-- com.TestCase.Application.BVT.BVTZoneImpersonation -->
    </test> <!-- BVTZoneImpersonation-1-Chrome -->
    <test name="BVTZoneSearchMenuValidation-1-Chrome" duration-ms="623274" started-at="2017-07-25T16:41:04Z" finished-at="2017-07-25T16:51:27Z">
      <class name="com.TestCase.Application.BVT.BVTZoneSearchMenuValidation">
        <test-method status="PASS" signature="beforeTest(java.lang.String, java.lang.String, java.lang.String, java.lang.String, org.testng.ITestContext)[pri:0, instance:com.TestCase.Application.BVT.BVTZoneSearchMenuValidation@7f690630]" name="beforeTest" is-config="true" duration-ms="3542" started-at="2017-07-25T11:41:04Z" finished-at="2017-07-25T11:41:08Z">
          <params>
            <param index="0">
              <value>
                <![CDATA[BuildValidations_Data]]>
              </value>
            </param>
            <param index="1">
              <value>
                <![CDATA[Chrome]]>
              </value>
            </param>
            <param index="2">
              <value>
                <![CDATA[1]]>
              </value>
            </param>
            <param index="3">
              <value>
                <![CDATA[BVTZoneSearchMenuValidation]]>
              </value>
            </param>
            <param index="4">
              <value>
                <![CDATA[org.testng.TestRunner@9e2d2bc]]>
              </value>
            </param>
          </params>
          <reporter-output>
          </reporter-output>
        </test-method> <!-- beforeTest -->
        <test-method status="PASS" signature="test(org.testng.ITestContext)[pri:0, instance:com.TestCase.Application.BVT.BVTZoneSearchMenuValidation@7f690630]" name="test" duration-ms="615188" started-at="2017-07-25T11:41:08Z" finished-at="2017-07-25T11:51:23Z">
          <params>
            <param index="0">
              <value>
                <![CDATA[org.testng.TestRunner@9e2d2bc]]>
              </value>
            </param>
          </params>
          <reporter-output>
          </reporter-output>
        </test-method> <!-- test -->
        <test-method status="PASS" signature="afterTest(org.testng.ITestContext, java.lang.String)[pri:0, instance:com.TestCase.Application.BVT.BVTZoneSearchMenuValidation@7f690630]" name="afterTest" is-config="true" duration-ms="4542" started-at="2017-07-25T11:51:23Z" finished-at="2017-07-25T11:51:27Z">
          <params>
            <param index="0">
              <value>
                <![CDATA[org.testng.TestRunner@9e2d2bc]]>
              </value>
            </param>
            <param index="1">
              <value>
                <![CDATA[BVTZoneSearchMenuValidation]]>
              </value>
            </param>
          </params>
          <reporter-output>
          </reporter-output>
        </test-method> <!-- afterTest -->
      </class> <!-- com.TestCase.Application.BVT.BVTZoneSearchMenuValidation -->
      <class name="com.TestCase.Application.BVT.BVTuverseSAflow">
        <test-method status="PASS" signature="endSuite()[pri:0, instance:com.TestCase.Application.BVT.BVTuverseSAflow@1fbc7afb]" name="endSuite" is-config="true" duration-ms="47" started-at="2017-07-25T11:51:27Z" finished-at="2017-07-25T11:51:27Z">
          <reporter-output>
          </reporter-output>
        </test-method> <!-- endSuite -->
        <test-method status="PASS" signature="endSuite()[pri:0, instance:com.TestCase.Application.BVT.BVTuverseSLflow@27f674d]" name="endSuite" is-config="true" duration-ms="2" started-at="2017-07-25T11:51:27Z" finished-at="2017-07-25T11:51:27Z">
          <reporter-output>
          </reporter-output>
        </test-method> <!-- endSuite -->
        <test-method status="PASS" signature="endSuite()[pri:0, instance:com.TestCase.Application.BVT.BVTwirelessSAflow@43a25848]" name="endSuite" is-config="true" duration-ms="1" started-at="2017-07-25T11:51:27Z" finished-at="2017-07-25T11:51:27Z">
          <reporter-output>
          </reporter-output>
        </test-method> <!-- endSuite -->
        <test-method status="PASS" signature="endSuite()[pri:0, instance:com.TestCase.Application.BVT.BVTwirelessSLflow@34ce8af7]" name="endSuite" is-config="true" duration-ms="1" started-at="2017-07-25T11:51:27Z" finished-at="2017-07-25T11:51:27Z">
          <reporter-output>
          </reporter-output>
        </test-method> <!-- endSuite -->
        <test-method status="PASS" signature="endSuite()[pri:0, instance:com.TestCase.Application.BVT.BVTwirelineSAflow@511baa65]" name="endSuite" is-config="true" duration-ms="1" started-at="2017-07-25T11:51:27Z" finished-at="2017-07-25T11:51:27Z">
          <reporter-output>
          </reporter-output>
        </test-method> <!-- endSuite -->
        <test-method status="PASS" signature="endSuite()[pri:0, instance:com.TestCase.Application.BVT.BVTwirelineSLflow@7e0ea639]" name="endSuite" is-config="true" duration-ms="2" started-at="2017-07-25T11:51:27Z" finished-at="2017-07-25T11:51:27Z">
          <reporter-output>
          </reporter-output>
        </test-method> <!-- endSuite -->
        <test-method status="PASS" signature="endSuite()[pri:0, instance:com.TestCase.Application.BVT.BVTZoneImpersonation@2d6e8792]" name="endSuite" is-config="true" duration-ms="1" started-at="2017-07-25T11:51:27Z" finished-at="2017-07-25T11:51:27Z">
          <reporter-output>
          </reporter-output>
        </test-method> <!-- endSuite -->
        <test-method status="PASS" signature="endSuite()[pri:0, instance:com.TestCase.Application.BVT.BVTZoneSearchMenuValidation@7f690630]" name="endSuite" is-config="true" duration-ms="1" started-at="2017-07-25T11:51:27Z" finished-at="2017-07-25T11:51:27Z">
          <reporter-output>
          </reporter-output>
        </test-method> <!-- endSuite -->
      </class> <!-- com.TestCase.Application.BVT.BVTuverseSAflow -->
    </test> <!-- BVTZoneSearchMenuValidation-1-Chrome -->
  </suite> <!-- Suite -->
</testng-results>
