<?xml version="1.0" encoding="UTF-8"?>
<!-- Generated by org.testng.reporters.JUnitXMLReporter -->
<testsuite hostname="HVDIVD00MIS1614" ignored="0" name="BVTuverseSAflow-1-Firefox" tests="1" failures="1" timestamp="25 Jul 2017 15:52:12 GMT" time="575.794" errors="0">
  <testcase name="test" time="518.898" classname="com.TestCase.Application.BVT.BVTuverseSAflow">
    <failure type="java.lang.AssertionError" message="Validate Overview page is displayed">
      <![CDATA[java.lang.AssertionError: Validate Overview page is displayed
	at com.SupportingFiles.Report.TestPoint(Report.java:442)
	at com.SupportingFiles.LaunchAndLogout.LoginApplication(LaunchAndLogout.java:1129)
	at com.TestCase.Application.BVT.BVTuverseSAflow.test(BVTuverseSAflow.java:35)
	at java.util.concurrent.FutureTask.run(Unknown Source)
	at java.util.concurrent.ThreadPoolExecutor.runWorker(Unknown Source)
	at java.util.concurrent.ThreadPoolExecutor$Worker.run(Unknown Source)
	at java.lang.Thread.run(Unknown Source)
... Removed 17 stack frames]]>
    </failure>
  </testcase> <!-- test -->
</testsuite> <!-- BVTuverseSAflow-1-Firefox -->
