<?xml version="1.0" encoding="UTF-8"?>
<!-- Generated by org.testng.reporters.JUnitXMLReporter -->
<testsuite hostname="HVDIVD00MIS1614" ignored="0" name="BVTwirelessSAflow-1-Firefox" tests="1" failures="1" timestamp="25 Jul 2017 16:05:06 GMT" time="658.471" errors="0">
  <testcase name="test" time="612.905" classname="com.TestCase.Application.BVT.BVTwirelessSAflow">
    <failure type="java.lang.AssertionError" message="Validate Step 2.Review Payment is current step on Make a Payment Page">
      <![CDATA[java.lang.AssertionError: Validate Step 2.Review Payment is current step on Make a Payment Page
	at com.SupportingFiles.Report.TestPoint(Report.java:442)
	at com.AppSpecificLibrary.BuildValidations.MakeAPayment(BuildValidations.java:2340)
	at com.AppSpecificLibrary.BuildValidations.Wireless(BuildValidations.java:2245)
	at com.TestCase.Application.BVT.BVTwirelessSAflow.test(BVTwirelessSAflow.java:37)
	at java.util.concurrent.FutureTask.run(Unknown Source)
	at java.util.concurrent.ThreadPoolExecutor.runWorker(Unknown Source)
	at java.util.concurrent.ThreadPoolExecutor$Worker.run(Unknown Source)
	at java.lang.Thread.run(Unknown Source)
... Removed 17 stack frames]]>
    </failure>
  </testcase> <!-- test -->
</testsuite> <!-- BVTwirelessSAflow-1-Firefox -->
